Release 14.7 - xst P.20131013 (nt64)
Copyright (c) 1995-2013 Xilinx, Inc.  All rights reserved.
--> Parameter TMPDIR set to xst/projnav.tmp


Total REAL time to Xst completion: 0.00 secs
Total CPU time to Xst completion: 0.26 secs
 
--> Parameter xsthdpdir set to xst


Total REAL time to Xst completion: 0.00 secs
Total CPU time to Xst completion: 0.26 secs
 
--> Reading design: VideopacSDCart.prj

TABLE OF CONTENTS
  1) Synthesis Options Summary
  2) HDL Compilation
  3) Design Hierarchy Analysis
  4) HDL Analysis
  5) HDL Synthesis
     5.1) HDL Synthesis Report
  6) Advanced HDL Synthesis
     6.1) Advanced HDL Synthesis Report
  7) Low Level Synthesis
  8) Partition Report
  9) Final Report

=========================================================================
*                      Synthesis Options Summary                        *
=========================================================================
---- Source Parameters
Input File Name                    : "VideopacSDCart.prj"
Input Format                       : mixed
Ignore Synthesis Constraint File   : NO

---- Target Parameters
Output File Name                   : "VideopacSDCart"
Output Format                      : NGC
Target Device                      : XC9500XL CPLDs

---- Source Options
Top Module Name                    : VideopacSDCart
Automatic FSM Extraction           : YES
FSM Encoding Algorithm             : Auto
Safe Implementation                : No
Mux Extraction                     : Yes
Resource Sharing                   : YES

---- Target Options
Add IO Buffers                     : YES
MACRO Preserve                     : YES
XOR Preserve                       : YES
Equivalent register Removal        : YES

---- General Options
Optimization Goal                  : Speed
Optimization Effort                : 1
Keep Hierarchy                     : Yes
Netlist Hierarchy                  : As_Optimized
RTL Output                         : Yes
Hierarchy Separator                : /
Bus Delimiter                      : <>
Case Specifier                     : Maintain
Verilog 2001                       : YES

---- Other Options
Clock Enable                       : YES
wysiwyg                            : NO

=========================================================================


=========================================================================
*                          HDL Compilation                              *
=========================================================================
Compiling verilog file "VideopacSDCart.v" in library work
Module <VideopacSDCart> compiled
No errors in compilation
Analysis of file <"VideopacSDCart.prj"> succeeded.
 

=========================================================================
*                     Design Hierarchy Analysis                         *
=========================================================================
Analyzing hierarchy for module <VideopacSDCart> in library <work>.


=========================================================================
*                            HDL Analysis                               *
=========================================================================
Analyzing top module <VideopacSDCart>.
Module <VideopacSDCart> is correct for synthesis.
 

=========================================================================
*                           HDL Synthesis                               *
=========================================================================

Performing bidirectional port resolution...
INFO:Xst:2679 - Register <RAMCS> in unit <VideopacSDCart> has a constant value of 0 during circuit operation. The register is replaced by logic.

Synthesizing Unit <VideopacSDCart>.
    Related source file is "VideopacSDCart.v".
    Found 8-bit tristate buffer for signal <ARDD>.
    Found 8-bit tristate buffer for signal <BUSD>.
    Found 8-bit tristate buffer for signal <RAMD>.
    Found 8-bit 4-to-1 multiplexer for signal <ARDD_out$mux0000>.
    Found 8-bit register for signal <bankvp>.
    Summary:
	inferred  24 Tristate(s).
Unit <VideopacSDCart> synthesized.


=========================================================================
HDL Synthesis Report

Macro Statistics
# Registers                                            : 1
 8-bit register                                        : 1
# Multiplexers                                         : 1
 8-bit 4-to-1 multiplexer                              : 1
# Tristates                                            : 3
 8-bit tristate buffer                                 : 3

=========================================================================

=========================================================================
*                       Advanced HDL Synthesis                          *
=========================================================================


=========================================================================
Advanced HDL Synthesis Report

Macro Statistics
# Multiplexers                                         : 1
 8-bit 4-to-1 multiplexer                              : 1

=========================================================================

=========================================================================
*                         Low Level Synthesis                           *
=========================================================================

Optimizing unit <VideopacSDCart> ...
  implementation constraint: INIT=s	 : bankvp_7
  implementation constraint: INIT=s	 : bankvp_3
  implementation constraint: INIT=s	 : bankvp_6
  implementation constraint: INIT=s	 : bankvp_2
  implementation constraint: INIT=s	 : bankvp_5
  implementation constraint: INIT=s	 : bankvp_1
  implementation constraint: INIT=s	 : bankvp_4
  implementation constraint: INIT=s	 : bankvp_0

=========================================================================
*                           Partition Report                            *
=========================================================================

Partition Implementation Status
-------------------------------

  No Partitions were found in this design.

-------------------------------

=========================================================================
*                            Final Report                               *
=========================================================================
Final Results
RTL Top Level Output File Name     : VideopacSDCart.ngr
Top Level Output File Name         : VideopacSDCart
Output Format                      : NGC
Optimization Goal                  : Speed
Keep Hierarchy                     : Yes
Target Technology                  : XC9500XL CPLDs
Macro Preserve                     : YES
XOR Preserve                       : YES
Clock Enable                       : YES
wysiwyg                            : NO

Design Statistics
# IOs                              : 81

Cell Usage :
# BELS                             : 387
#      AND2                        : 160
#      AND3                        : 13
#      AND4                        : 1
#      GND                         : 1
#      INV                         : 115
#      OR2                         : 89
#      OR3                         : 5
#      XOR2                        : 3
# FlipFlops/Latches                : 8
#      FD                          : 8
# IO Buffers                       : 81
#      IBUF                        : 39
#      IOBUFE                      : 24
#      OBUF                        : 18
=========================================================================


Total REAL time to Xst completion: 6.00 secs
Total CPU time to Xst completion: 6.17 secs
 
--> 

Total memory usage is 4496828 kilobytes

Number of errors   :    0 (   0 filtered)
Number of warnings :    0 (   0 filtered)
Number of infos    :    1 (   0 filtered)

